[ 2018-03-13T18:53:38+08:00 ] ::1 /Grade_Serching_System/
INFO: [ app_init ] --START--
INFO: Run Behavior\BuildLiteBehavior [ RunTime:0.000009s ]
INFO: [ app_init ] --END-- [ RunTime:0.000062s ]
INFO: [ app_begin ] --START--
INFO: Run Behavior\ReadHtmlCacheBehavior [ RunTime:0.000395s ]
INFO: [ app_begin ] --END-- [ RunTime:0.000425s ]
ERR: 无法加载控制器:Index

[ 2018-03-13T18:56:03+08:00 ] ::1 /Grade_Serching_System/
INFO: [ app_init ] --START--
INFO: Run Behavior\BuildLiteBehavior [ RunTime:0.000007s ]
INFO: [ app_init ] --END-- [ RunTime:0.000037s ]
INFO: [ app_begin ] --START--
INFO: Run Behavior\ReadHtmlCacheBehavior [ RunTime:0.000303s ]
INFO: [ app_begin ] --END-- [ RunTime:0.000337s ]
ERR: 无法加载控制器:Index

[ 2018-03-13T18:56:09+08:00 ] ::1 /Grade_Serching_System/
INFO: [ app_init ] --START--
INFO: Run Behavior\BuildLiteBehavior [ RunTime:0.000008s ]
INFO: [ app_init ] --END-- [ RunTime:0.000036s ]
INFO: [ app_begin ] --START--
INFO: Run Behavior\ReadHtmlCacheBehavior [ RunTime:0.000268s ]
INFO: [ app_begin ] --END-- [ RunTime:0.000297s ]
ERR: 无法加载控制器:Index

[ 2018-03-13T18:56:24+08:00 ] ::1 /Grade_Serching_System/
INFO: [ app_init ] --START--
INFO: Run Behavior\BuildLiteBehavior [ RunTime:0.000007s ]
INFO: [ app_init ] --END-- [ RunTime:0.000038s ]
INFO: [ app_begin ] --START--
INFO: Run Behavior\ReadHtmlCacheBehavior [ RunTime:0.000284s ]
INFO: [ app_begin ] --END-- [ RunTime:0.000313s ]
ERR: 无法加载控制器:Index

[ 2018-03-13T18:57:09+08:00 ] ::1 /Grade_Serching_System/
INFO: [ app_init ] --START--
INFO: Run Behavior\BuildLiteBehavior [ RunTime:0.000007s ]
INFO: [ app_init ] --END-- [ RunTime:0.000037s ]
INFO: [ app_begin ] --START--
INFO: Run Behavior\ReadHtmlCacheBehavior [ RunTime:0.000267s ]
INFO: [ app_begin ] --END-- [ RunTime:0.000295s ]
ERR: 无法加载控制器:Index

[ 2018-03-13T19:27:17+08:00 ] ::1 /Grade_Serching_System/
INFO: [ app_init ] --START--
INFO: Run Behavior\BuildLiteBehavior [ RunTime:0.000007s ]
INFO: [ app_init ] --END-- [ RunTime:0.000039s ]
INFO: [ app_begin ] --START--
INFO: Run Behavior\ReadHtmlCacheBehavior [ RunTime:0.000304s ]
INFO: [ app_begin ] --END-- [ RunTime:0.000335s ]
ERR: 无法加载控制器:Index

[ 2018-03-13T19:28:11+08:00 ] ::1 /Grade_Serching_System/
INFO: [ app_init ] --START--
INFO: Run Behavior\BuildLiteBehavior [ RunTime:0.000007s ]
INFO: [ app_init ] --END-- [ RunTime:0.000035s ]
INFO: [ app_begin ] --START--
INFO: Run Behavior\ReadHtmlCacheBehavior [ RunTime:0.000270s ]
INFO: [ app_begin ] --END-- [ RunTime:0.000302s ]
ERR: 无法加载控制器:Index

