[ 2018-03-13T18:57:13+08:00 ] ::1 /Grade_Serching_System/Admin
INFO: [ app_init ] --START--
INFO: Run Behavior\BuildLiteBehavior [ RunTime:0.000008s ]
INFO: [ app_init ] --END-- [ RunTime:0.000039s ]
ERR: 无法加载模块:Grade_Serching_System

[ 2018-03-13T18:57:21+08:00 ] ::1 /Grade_Serching_System/Admin/Index/index
INFO: [ app_init ] --START--
INFO: Run Behavior\BuildLiteBehavior [ RunTime:0.000007s ]
INFO: [ app_init ] --END-- [ RunTime:0.000036s ]
ERR: 无法加载模块:Grade_Serching_System

[ 2018-03-13T18:57:26+08:00 ] ::1 /Grade_Serching_System/Admin/Index/index.php
INFO: [ app_init ] --START--
INFO: Run Behavior\BuildLiteBehavior [ RunTime:0.000007s ]
INFO: [ app_init ] --END-- [ RunTime:0.000037s ]
ERR: 无法加载模块:Grade_Serching_System

[ 2018-03-13T19:23:15+08:00 ] ::1 /Grade_Serching_System/Admin/Index/index.php
INFO: [ app_init ] --START--
INFO: Run Behavior\BuildLiteBehavior [ RunTime:0.000007s ]
INFO: [ app_init ] --END-- [ RunTime:0.000046s ]
ERR: 无法加载模块:Grade_Serching_System

[ 2018-03-13T19:28:19+08:00 ] ::1 /Grade_Serching_System/Index/index
INFO: [ app_init ] --START--
INFO: Run Behavior\BuildLiteBehavior [ RunTime:0.000008s ]
INFO: [ app_init ] --END-- [ RunTime:0.000036s ]
ERR: 无法加载模块:Grade_Serching_System

[ 2018-03-13T19:28:28+08:00 ] ::1 /Grade_Serching_System/Admin/Index/index
INFO: [ app_init ] --START--
INFO: Run Behavior\BuildLiteBehavior [ RunTime:0.000007s ]
INFO: [ app_init ] --END-- [ RunTime:0.000037s ]
ERR: 无法加载模块:Grade_Serching_System

[ 2018-03-13T19:28:30+08:00 ] ::1 /Grade_Serching_System/Admin/Index/index
INFO: [ app_init ] --START--
INFO: Run Behavior\BuildLiteBehavior [ RunTime:0.000009s ]
INFO: [ app_init ] --END-- [ RunTime:0.000040s ]
ERR: 无法加载模块:Grade_Serching_System

[ 2018-03-13T19:28:32+08:00 ] ::1 /Grade_Serching_System/Admin/Index/index
INFO: [ app_init ] --START--
INFO: Run Behavior\BuildLiteBehavior [ RunTime:0.000007s ]
INFO: [ app_init ] --END-- [ RunTime:0.000036s ]
ERR: 无法加载模块:Grade_Serching_System

[ 2018-03-13T19:44:54+08:00 ] ::1 /Grade_Serching_System/index.php/Teacher/add.html
INFO: [ app_init ] --START--
INFO: Run Behavior\BuildLiteBehavior [ RunTime:0.000007s ]
INFO: [ app_init ] --END-- [ RunTime:0.000038s ]
ERR: 无法加载模块:Teacher

[ 2018-03-13T19:46:00+08:00 ] ::1 /Grade_Serching_System/index.php/Teacher/add.html
INFO: [ app_init ] --START--
INFO: Run Behavior\BuildLiteBehavior [ RunTime:0.000007s ]
INFO: [ app_init ] --END-- [ RunTime:0.000038s ]
ERR: 无法加载模块:Teacher

[ 2018-03-13T19:47:48+08:00 ] ::1 /Grade_Serching_System/index.php/Teacher/add.html
INFO: [ app_init ] --START--
INFO: Run Behavior\BuildLiteBehavior [ RunTime:0.000008s ]
INFO: [ app_init ] --END-- [ RunTime:0.000038s ]
ERR: 无法加载模块:Teacher

[ 2018-03-13T19:49:21+08:00 ] ::1 /Grade_Serching_System/index.php/public/css/teacher_add.css
INFO: [ app_init ] --START--
INFO: Run Behavior\BuildLiteBehavior [ RunTime:0.000008s ]
INFO: [ app_init ] --END-- [ RunTime:0.000038s ]
ERR: 无法加载模块:Public

[ 2018-03-13T19:50:10+08:00 ] ::1 /Grade_Serching_System/index.php/public/css/teacher_add.css
INFO: [ app_init ] --START--
INFO: Run Behavior\BuildLiteBehavior [ RunTime:0.000008s ]
INFO: [ app_init ] --END-- [ RunTime:0.000038s ]
ERR: 无法加载模块:Public

[ 2018-03-13T19:51:11+08:00 ] ::1 /Grade_Serching_System/index.php/Teacher/coulist.html
INFO: [ app_init ] --START--
INFO: Run Behavior\BuildLiteBehavior [ RunTime:0.000007s ]
INFO: [ app_init ] --END-- [ RunTime:0.000038s ]
ERR: 无法加载模块:Teacher

[ 2018-03-13T19:52:36+08:00 ] ::1 /Grade_Serching_System/index.php/public/css/teacher_coulist.css
INFO: [ app_init ] --START--
INFO: Run Behavior\BuildLiteBehavior [ RunTime:0.000007s ]
INFO: [ app_init ] --END-- [ RunTime:0.000035s ]
ERR: 无法加载模块:Public

[ 2018-03-13T19:57:30+08:00 ] ::1 /Grade_Serching_System/index.php/Index/checkLogin.html
INFO: [ app_init ] --START--
INFO: Run Behavior\BuildLiteBehavior [ RunTime:0.000007s ]
INFO: [ app_init ] --END-- [ RunTime:0.000035s ]
ERR: 无法加载模块:Index

[ 2018-03-13T19:58:23+08:00 ] ::1 /Grade_Serching_System/index.php/public/css/teacher_add.css
INFO: [ app_init ] --START--
INFO: Run Behavior\BuildLiteBehavior [ RunTime:0.000007s ]
INFO: [ app_init ] --END-- [ RunTime:0.000036s ]
ERR: 无法加载模块:Public

