[ 2018-03-16T00:37:59+08:00 ] 127.0.0.1 /grade/__public__/css/index.css
INFO: [ app_init ] --START--
INFO: Run Behavior\BuildLiteBehavior [ RunTime:0.000013s ]
INFO: [ app_init ] --END-- [ RunTime:0.000055s ]
ERR: 无法加载模块:Grade

[ 2018-03-16T01:07:56+08:00 ] 127.0.0.1 /grade/__public__/css/index.css
INFO: [ app_init ] --START--
INFO: Run Behavior\BuildLiteBehavior [ RunTime:0.000010s ]
INFO: [ app_init ] --END-- [ RunTime:0.000048s ]
ERR: 无法加载模块:Grade

[ 2018-03-16T01:08:08+08:00 ] 127.0.0.1 /grade/__public__/css/index.css
INFO: [ app_init ] --START--
INFO: Run Behavior\BuildLiteBehavior [ RunTime:0.000012s ]
INFO: [ app_init ] --END-- [ RunTime:0.000052s ]
ERR: 无法加载模块:Grade

[ 2018-03-16T01:08:08+08:00 ] 127.0.0.1 /grade/__public__/css/index.css
INFO: [ app_init ] --START--
INFO: Run Behavior\BuildLiteBehavior [ RunTime:0.000016s ]
INFO: [ app_init ] --END-- [ RunTime:0.000075s ]
ERR: 无法加载模块:Grade

[ 2018-03-16T01:08:08+08:00 ] 127.0.0.1 /grade/__public__/css/index.css
INFO: [ app_init ] --START--
INFO: Run Behavior\BuildLiteBehavior [ RunTime:0.000011s ]
INFO: [ app_init ] --END-- [ RunTime:0.000051s ]
ERR: 无法加载模块:Grade

[ 2018-03-16T01:09:46+08:00 ] 127.0.0.1 /grade/__public__/css/index.css
INFO: [ app_init ] --START--
INFO: Run Behavior\BuildLiteBehavior [ RunTime:0.000012s ]
INFO: [ app_init ] --END-- [ RunTime:0.000054s ]
ERR: 无法加载模块:Grade

[ 2018-03-16T01:09:46+08:00 ] 127.0.0.1 /grade/__public__/css/index.css
INFO: [ app_init ] --START--
INFO: Run Behavior\BuildLiteBehavior [ RunTime:0.000011s ]
INFO: [ app_init ] --END-- [ RunTime:0.000051s ]
ERR: 无法加载模块:Grade

[ 2018-03-16T01:09:46+08:00 ] 127.0.0.1 /grade/__public__/css/index.css
INFO: [ app_init ] --START--
INFO: Run Behavior\BuildLiteBehavior [ RunTime:0.000012s ]
INFO: [ app_init ] --END-- [ RunTime:0.000052s ]
ERR: 无法加载模块:Grade

[ 2018-03-16T01:10:49+08:00 ] 127.0.0.1 /grade/__public__/css/index.css
INFO: [ app_init ] --START--
INFO: Run Behavior\BuildLiteBehavior [ RunTime:0.000011s ]
INFO: [ app_init ] --END-- [ RunTime:0.000049s ]
ERR: 无法加载模块:Grade

[ 2018-03-16T01:55:47+08:00 ] 127.0.0.1 /grade/__public__/css/index.css
INFO: [ app_init ] --START--
INFO: Run Behavior\BuildLiteBehavior [ RunTime:0.000012s ]
INFO: [ app_init ] --END-- [ RunTime:0.000053s ]
ERR: 无法加载模块:Grade

[ 2018-03-16T02:03:15+08:00 ] 127.0.0.1 /grade/__public__/css/index.css
INFO: [ app_init ] --START--
INFO: Run Behavior\BuildLiteBehavior [ RunTime:0.000012s ]
INFO: [ app_init ] --END-- [ RunTime:0.000051s ]
ERR: 无法加载模块:Grade

[ 2018-03-16T03:02:19+08:00 ] 127.0.0.1 /grade/__public__/css/index.css
INFO: [ app_init ] --START--
INFO: Run Behavior\BuildLiteBehavior [ RunTime:0.000012s ]
INFO: [ app_init ] --END-- [ RunTime:0.000052s ]
ERR: 无法加载模块:Grade

[ 2018-03-16T03:02:43+08:00 ] 127.0.0.1 /grade/__public__/css/index.css
INFO: [ app_init ] --START--
INFO: Run Behavior\BuildLiteBehavior [ RunTime:0.000011s ]
INFO: [ app_init ] --END-- [ RunTime:0.000047s ]
ERR: 无法加载模块:Grade

[ 2018-03-16T03:03:01+08:00 ] 127.0.0.1 /grade/__public__/css/index.css
INFO: [ app_init ] --START--
INFO: Run Behavior\BuildLiteBehavior [ RunTime:0.000011s ]
INFO: [ app_init ] --END-- [ RunTime:0.000049s ]
ERR: 无法加载模块:Grade

[ 2018-03-16T09:09:45+08:00 ] 127.0.0.1 /grade/__public__/css/index.css
INFO: [ app_init ] --START--
INFO: Run Behavior\BuildLiteBehavior [ RunTime:0.000010s ]
INFO: [ app_init ] --END-- [ RunTime:0.000047s ]
ERR: 无法加载模块:Grade

[ 2018-03-16T09:16:36+08:00 ] 127.0.0.1 /grade/__public__/css/index.css
INFO: [ app_init ] --START--
INFO: Run Behavior\BuildLiteBehavior [ RunTime:0.000011s ]
INFO: [ app_init ] --END-- [ RunTime:0.000048s ]
ERR: 无法加载模块:Grade

[ 2018-03-16T09:17:21+08:00 ] 127.0.0.1 /grade/__public__/css/index.css
INFO: [ app_init ] --START--
INFO: Run Behavior\BuildLiteBehavior [ RunTime:0.000011s ]
INFO: [ app_init ] --END-- [ RunTime:0.000050s ]
ERR: 无法加载模块:Grade

[ 2018-03-16T09:17:21+08:00 ] 127.0.0.1 /grade/__public__/css/index.css
INFO: [ app_init ] --START--
INFO: Run Behavior\BuildLiteBehavior [ RunTime:0.000010s ]
INFO: [ app_init ] --END-- [ RunTime:0.000047s ]
ERR: 无法加载模块:Grade

[ 2018-03-16T09:17:21+08:00 ] 127.0.0.1 /grade/__public__/css/index.css
INFO: [ app_init ] --START--
INFO: Run Behavior\BuildLiteBehavior [ RunTime:0.000011s ]
INFO: [ app_init ] --END-- [ RunTime:0.000070s ]
ERR: 无法加载模块:Grade

[ 2018-03-16T09:17:22+08:00 ] 127.0.0.1 /grade/__public__/css/index.css
INFO: [ app_init ] --START--
INFO: Run Behavior\BuildLiteBehavior [ RunTime:0.000012s ]
INFO: [ app_init ] --END-- [ RunTime:0.000072s ]
ERR: 无法加载模块:Grade

[ 2018-03-16T09:19:54+08:00 ] 127.0.0.1 /grade/__public__/css/index.css
INFO: [ app_init ] --START--
INFO: Run Behavior\BuildLiteBehavior [ RunTime:0.000021s ]
INFO: [ app_init ] --END-- [ RunTime:0.000128s ]
ERR: 无法加载模块:Grade

[ 2018-03-16T09:28:22+08:00 ] 127.0.0.1 /grade/__public__/css/index.css
INFO: [ app_init ] --START--
INFO: Run Behavior\BuildLiteBehavior [ RunTime:0.000019s ]
INFO: [ app_init ] --END-- [ RunTime:0.000089s ]
ERR: 无法加载模块:Grade

[ 2018-03-16T09:28:47+08:00 ] 127.0.0.1 /grade/Public/js/Validform_v5.3.2_min.js
INFO: [ app_init ] --START--
INFO: Run Behavior\BuildLiteBehavior [ RunTime:0.000029s ]
INFO: [ app_init ] --END-- [ RunTime:0.000130s ]
ERR: 无法加载模块:Grade

[ 2018-03-16T09:29:11+08:00 ] 127.0.0.1 /grade/Public/js/Validform_v5.3.2_min.js
INFO: [ app_init ] --START--
INFO: Run Behavior\BuildLiteBehavior [ RunTime:0.000011s ]
INFO: [ app_init ] --END-- [ RunTime:0.000051s ]
ERR: 无法加载模块:Grade

[ 2018-03-16T09:29:11+08:00 ] 127.0.0.1 /grade/Public/js/Validform_v5.3.2_min.js
INFO: [ app_init ] --START--
INFO: Run Behavior\BuildLiteBehavior [ RunTime:0.000011s ]
INFO: [ app_init ] --END-- [ RunTime:0.000052s ]
ERR: 无法加载模块:Grade

[ 2018-03-16T09:29:11+08:00 ] 127.0.0.1 /grade/Public/js/Validform_v5.3.2_min.js
INFO: [ app_init ] --START--
INFO: Run Behavior\BuildLiteBehavior [ RunTime:0.000011s ]
INFO: [ app_init ] --END-- [ RunTime:0.000056s ]
ERR: 无法加载模块:Grade

[ 2018-03-16T09:31:19+08:00 ] 127.0.0.1 /grade/Public/js/Validform_v5.3.2_min.js
INFO: [ app_init ] --START--
INFO: Run Behavior\BuildLiteBehavior [ RunTime:0.000015s ]
INFO: [ app_init ] --END-- [ RunTime:0.000074s ]
ERR: 无法加载模块:Grade

[ 2018-03-16T09:32:42+08:00 ] 127.0.0.1 /grade/__public__/css/index.css
INFO: [ app_init ] --START--
INFO: Run Behavior\BuildLiteBehavior [ RunTime:0.000011s ]
INFO: [ app_init ] --END-- [ RunTime:0.000050s ]
ERR: 无法加载模块:Grade

[ 2018-03-16T09:32:52+08:00 ] 127.0.0.1 /grade/Public/js/Validform_v5.3.2_min.js
INFO: [ app_init ] --START--
INFO: Run Behavior\BuildLiteBehavior [ RunTime:0.000010s ]
INFO: [ app_init ] --END-- [ RunTime:0.000049s ]
ERR: 无法加载模块:Grade

[ 2018-03-16T09:33:57+08:00 ] 127.0.0.1 /grade/Public/js/Validform_v5.3.2_min.js
INFO: [ app_init ] --START--
INFO: Run Behavior\BuildLiteBehavior [ RunTime:0.000010s ]
INFO: [ app_init ] --END-- [ RunTime:0.000050s ]
ERR: 无法加载模块:Grade

[ 2018-03-16T09:51:13+08:00 ] 127.0.0.1 /grade/__public__/css/index.css
INFO: [ app_init ] --START--
INFO: Run Behavior\BuildLiteBehavior [ RunTime:0.000010s ]
INFO: [ app_init ] --END-- [ RunTime:0.000065s ]
ERR: 无法加载模块:Grade

[ 2018-03-16T10:15:41+08:00 ] 127.0.0.1 /grade/__public__/css/index.css
INFO: [ app_init ] --START--
INFO: Run Behavior\BuildLiteBehavior [ RunTime:0.000010s ]
INFO: [ app_init ] --END-- [ RunTime:0.000066s ]
ERR: 无法加载模块:Grade

[ 2018-03-16T10:32:54+08:00 ] 127.0.0.1 /grade/__public__/css/index.css
INFO: [ app_init ] --START--
INFO: Run Behavior\BuildLiteBehavior [ RunTime:0.000010s ]
INFO: [ app_init ] --END-- [ RunTime:0.000066s ]
ERR: 无法加载模块:Grade

[ 2018-03-16T10:35:03+08:00 ] ::1 /grade2/__public__/css/index.css
INFO: [ app_init ] --START--
INFO: Run Behavior\BuildLiteBehavior [ RunTime:0.000015s ]
INFO: [ app_init ] --END-- [ RunTime:0.000049s ]
ERR: 无法加载模块:Grade2

[ 2018-03-16T10:35:26+08:00 ] ::1 /grade2/Public/js/Validform_v5.3.2_min.js
INFO: [ app_init ] --START--
INFO: Run Behavior\BuildLiteBehavior [ RunTime:0.000014s ]
INFO: [ app_init ] --END-- [ RunTime:0.000070s ]
ERR: 无法加载模块:Grade2

[ 2018-03-16T10:35:26+08:00 ] ::1 /grade2/Public/js/Validform_v5.3.2_min.js
INFO: [ app_init ] --START--
INFO: Run Behavior\BuildLiteBehavior [ RunTime:0.000007s ]
INFO: [ app_init ] --END-- [ RunTime:0.000035s ]
ERR: 无法加载模块:Grade2

[ 2018-03-16T10:36:04+08:00 ] ::1 /grade2/Public/js/Validform_v5.3.2_min.js
INFO: [ app_init ] --START--
INFO: Run Behavior\BuildLiteBehavior [ RunTime:0.000008s ]
INFO: [ app_init ] --END-- [ RunTime:0.000042s ]
ERR: 无法加载模块:Grade2

[ 2018-03-16T10:36:27+08:00 ] ::1 /grade2/Public/js/Validform_v5.3.2_min.js
INFO: [ app_init ] --START--
INFO: Run Behavior\BuildLiteBehavior [ RunTime:0.000008s ]
INFO: [ app_init ] --END-- [ RunTime:0.000038s ]
ERR: 无法加载模块:Grade2

[ 2018-03-16T10:39:00+08:00 ] ::1 /grade2/__public__/css/index.css
INFO: [ app_init ] --START--
INFO: Run Behavior\BuildLiteBehavior [ RunTime:0.000008s ]
INFO: [ app_init ] --END-- [ RunTime:0.000036s ]
ERR: 无法加载模块:Grade2

[ 2018-03-16T10:42:27+08:00 ] 192.168.73.45 /grade2/__public__/css/index.css
INFO: [ app_init ] --START--
INFO: Run Behavior\BuildLiteBehavior [ RunTime:0.000006s ]
INFO: [ app_init ] --END-- [ RunTime:0.000035s ]
ERR: 无法加载模块:Grade2

[ 2018-03-16T10:42:51+08:00 ] ::1 /grade2/__public__/css/index.css
INFO: [ app_init ] --START--
INFO: Run Behavior\BuildLiteBehavior [ RunTime:0.000006s ]
INFO: [ app_init ] --END-- [ RunTime:0.000035s ]
ERR: 无法加载模块:Grade2

[ 2018-03-16T10:43:09+08:00 ] ::1 /grade2/Public/js/Validform_v5.3.2_min.js
INFO: [ app_init ] --START--
INFO: Run Behavior\BuildLiteBehavior [ RunTime:0.000008s ]
INFO: [ app_init ] --END-- [ RunTime:0.000038s ]
ERR: 无法加载模块:Grade2

[ 2018-03-16T10:43:09+08:00 ] ::1 /grade2/Public/js/Validform_v5.3.2_min.js
INFO: [ app_init ] --START--
INFO: Run Behavior\BuildLiteBehavior [ RunTime:0.000007s ]
INFO: [ app_init ] --END-- [ RunTime:0.000035s ]
ERR: 无法加载模块:Grade2

[ 2018-03-16T10:43:36+08:00 ] 192.168.73.45 /grade2/__public__/css/index.css
INFO: [ app_init ] --START--
INFO: Run Behavior\BuildLiteBehavior [ RunTime:0.000007s ]
INFO: [ app_init ] --END-- [ RunTime:0.000035s ]
ERR: 无法加载模块:Grade2

[ 2018-03-16T10:43:43+08:00 ] ::1 /grade2/Public/js/Validform_v5.3.2_min.js
INFO: [ app_init ] --START--
INFO: Run Behavior\BuildLiteBehavior [ RunTime:0.000011s ]
INFO: [ app_init ] --END-- [ RunTime:0.000055s ]
ERR: 无法加载模块:Grade2

[ 2018-03-16T10:44:22+08:00 ] ::1 /grade2/Public/js/Validform_v5.3.2_min.js
INFO: [ app_init ] --START--
INFO: Run Behavior\BuildLiteBehavior [ RunTime:0.000009s ]
INFO: [ app_init ] --END-- [ RunTime:0.000038s ]
ERR: 无法加载模块:Grade2

[ 2018-03-16T10:45:53+08:00 ] ::1 /Grade_Serching_System/__public__/css/index.css
INFO: [ app_init ] --START--
INFO: Run Behavior\BuildLiteBehavior [ RunTime:0.000007s ]
INFO: [ app_init ] --END-- [ RunTime:0.000037s ]
ERR: 无法加载模块:Grade_Serching_System

[ 2018-03-16T10:46:00+08:00 ] ::1 /Grade_Serching_System/__public__/css/index.css
INFO: [ app_init ] --START--
INFO: Run Behavior\BuildLiteBehavior [ RunTime:0.000009s ]
INFO: [ app_init ] --END-- [ RunTime:0.000042s ]
ERR: 无法加载模块:Grade_Serching_System

[ 2018-03-16T10:47:43+08:00 ] 192.168.73.45 /Grade_Serching_System/__public__/css/index.css
INFO: [ app_init ] --START--
INFO: Run Behavior\BuildLiteBehavior [ RunTime:0.000006s ]
INFO: [ app_init ] --END-- [ RunTime:0.000035s ]
ERR: 无法加载模块:Grade_Serching_System

[ 2018-03-16T11:07:43+08:00 ] 192.168.73.42 /Grade_Serching_System/__public__/css/index.css
INFO: [ app_init ] --START--
INFO: Run Behavior\BuildLiteBehavior [ RunTime:0.000010s ]
INFO: [ app_init ] --END-- [ RunTime:0.000045s ]
ERR: 无法加载模块:Grade_Serching_System

[ 2018-03-16T11:09:09+08:00 ] 192.168.73.42 /Grade_Serching_System/Public/js/Validform_v5.3.2_min.js
INFO: [ app_init ] --START--
INFO: Run Behavior\BuildLiteBehavior [ RunTime:0.000007s ]
INFO: [ app_init ] --END-- [ RunTime:0.000035s ]
ERR: 无法加载模块:Grade_Serching_System

[ 2018-03-16T11:09:09+08:00 ] 192.168.73.42 /Grade_Serching_System/Public/js/Validform_v5.3.2_min.js
INFO: [ app_init ] --START--
INFO: Run Behavior\BuildLiteBehavior [ RunTime:0.000007s ]
INFO: [ app_init ] --END-- [ RunTime:0.000036s ]
ERR: 无法加载模块:Grade_Serching_System

[ 2018-03-16T11:14:07+08:00 ] 192.168.73.42 /Grade_Serching_System/__public__/css/index.css
INFO: [ app_init ] --START--
INFO: Run Behavior\BuildLiteBehavior [ RunTime:0.000007s ]
INFO: [ app_init ] --END-- [ RunTime:0.000036s ]
ERR: 无法加载模块:Grade_Serching_System

[ 2018-03-16T11:15:09+08:00 ] 192.168.73.42 /Grade_Serching_System/Public/js/Validform_v5.3.2_min.js
INFO: [ app_init ] --START--
INFO: Run Behavior\BuildLiteBehavior [ RunTime:0.000007s ]
INFO: [ app_init ] --END-- [ RunTime:0.000035s ]
ERR: 无法加载模块:Grade_Serching_System

[ 2018-03-16T11:17:17+08:00 ] 192.168.73.56 /Grade_Serching_System/__public__/css/index.css
INFO: [ app_init ] --START--
INFO: Run Behavior\BuildLiteBehavior [ RunTime:0.000009s ]
INFO: [ app_init ] --END-- [ RunTime:0.000038s ]
ERR: 无法加载模块:Grade_Serching_System

[ 2018-03-16T11:17:39+08:00 ] 192.168.73.56 /Grade_Serching_System/__public__/css/index.css
INFO: [ app_init ] --START--
INFO: Run Behavior\BuildLiteBehavior [ RunTime:0.000007s ]
INFO: [ app_init ] --END-- [ RunTime:0.000035s ]
ERR: 无法加载模块:Grade_Serching_System

[ 2018-03-16T11:20:17+08:00 ] 192.168.73.56 /Grade_Serching_System/__public__/css/index.css
INFO: [ app_init ] --START--
INFO: Run Behavior\BuildLiteBehavior [ RunTime:0.000006s ]
INFO: [ app_init ] --END-- [ RunTime:0.000035s ]
ERR: 无法加载模块:Grade_Serching_System

[ 2018-03-16T11:20:24+08:00 ] 192.168.73.56 /Grade_Serching_System/__public__/css/index.css
INFO: [ app_init ] --START--
INFO: Run Behavior\BuildLiteBehavior [ RunTime:0.000007s ]
INFO: [ app_init ] --END-- [ RunTime:0.000034s ]
ERR: 无法加载模块:Grade_Serching_System

[ 2018-03-16T11:20:24+08:00 ] 192.168.73.56 /Grade_Serching_System/__public__/css/index.css
INFO: [ app_init ] --START--
INFO: Run Behavior\BuildLiteBehavior [ RunTime:0.000006s ]
INFO: [ app_init ] --END-- [ RunTime:0.000034s ]
ERR: 无法加载模块:Grade_Serching_System

[ 2018-03-16T11:20:24+08:00 ] 192.168.73.56 /Grade_Serching_System/__public__/css/index.css
INFO: [ app_init ] --START--
INFO: Run Behavior\BuildLiteBehavior [ RunTime:0.000007s ]
INFO: [ app_init ] --END-- [ RunTime:0.000035s ]
ERR: 无法加载模块:Grade_Serching_System

[ 2018-03-16T11:20:25+08:00 ] 192.168.73.56 /Grade_Serching_System/__public__/css/index.css
INFO: [ app_init ] --START--
INFO: Run Behavior\BuildLiteBehavior [ RunTime:0.000007s ]
INFO: [ app_init ] --END-- [ RunTime:0.000035s ]
ERR: 无法加载模块:Grade_Serching_System

[ 2018-03-16T11:20:25+08:00 ] 192.168.73.56 /Grade_Serching_System/__public__/css/index.css
INFO: [ app_init ] --START--
INFO: Run Behavior\BuildLiteBehavior [ RunTime:0.000007s ]
INFO: [ app_init ] --END-- [ RunTime:0.000034s ]
ERR: 无法加载模块:Grade_Serching_System

[ 2018-03-16T11:20:25+08:00 ] 192.168.73.56 /Grade_Serching_System/__public__/css/index.css
INFO: [ app_init ] --START--
INFO: Run Behavior\BuildLiteBehavior [ RunTime:0.000006s ]
INFO: [ app_init ] --END-- [ RunTime:0.000034s ]
ERR: 无法加载模块:Grade_Serching_System

[ 2018-03-16T11:20:25+08:00 ] 192.168.73.56 /Grade_Serching_System/__public__/css/index.css
INFO: [ app_init ] --START--
INFO: Run Behavior\BuildLiteBehavior [ RunTime:0.000007s ]
INFO: [ app_init ] --END-- [ RunTime:0.000035s ]
ERR: 无法加载模块:Grade_Serching_System

[ 2018-03-16T11:20:25+08:00 ] 192.168.73.56 /Grade_Serching_System/__public__/css/index.css
INFO: [ app_init ] --START--
INFO: Run Behavior\BuildLiteBehavior [ RunTime:0.000006s ]
INFO: [ app_init ] --END-- [ RunTime:0.000034s ]
ERR: 无法加载模块:Grade_Serching_System

[ 2018-03-16T11:20:25+08:00 ] 192.168.73.56 /Grade_Serching_System/__public__/css/index.css
INFO: [ app_init ] --START--
INFO: Run Behavior\BuildLiteBehavior [ RunTime:0.000008s ]
INFO: [ app_init ] --END-- [ RunTime:0.000035s ]
ERR: 无法加载模块:Grade_Serching_System

[ 2018-03-16T11:20:26+08:00 ] 192.168.73.56 /Grade_Serching_System/__public__/css/index.css
INFO: [ app_init ] --START--
INFO: Run Behavior\BuildLiteBehavior [ RunTime:0.000007s ]
INFO: [ app_init ] --END-- [ RunTime:0.000034s ]
ERR: 无法加载模块:Grade_Serching_System

[ 2018-03-16T11:20:26+08:00 ] 192.168.73.56 /Grade_Serching_System/__public__/css/index.css
INFO: [ app_init ] --START--
INFO: Run Behavior\BuildLiteBehavior [ RunTime:0.000007s ]
INFO: [ app_init ] --END-- [ RunTime:0.000035s ]
ERR: 无法加载模块:Grade_Serching_System

[ 2018-03-16T15:00:32+08:00 ] ::1 /Grade_Serching_System/__public__/css/index.css
INFO: [ app_init ] --START--
INFO: Run Behavior\BuildLiteBehavior [ RunTime:0.000007s ]
INFO: [ app_init ] --END-- [ RunTime:0.000042s ]
ERR: 无法加载模块:Grade_Serching_System

